<?xml version="1.0" encoding="UTF-8"?>
<!-- Generated by org.testng.reporters.JUnitReportReporter -->
<testsuite skipped="0" hostname="TYSS-4F-055" name="demo.FileUpload" tests="1" failures="0" timestamp="13 Jan 2018 06:08:56 GMT" time="15.190" errors="0">
  <testcase name="testUpload" time="15.190" classname="demo.FileUpload"/>
</testsuite> <!-- demo.FileUpload -->
