<?xml version="1.0" encoding="UTF-8"?>
<!-- Generated by org.testng.reporters.JUnitReportReporter -->
<testsuite skipped="0" hostname="TYSS-4F-055" name="demo.Disabled" tests="1" failures="0" timestamp="16 Jan 2018 07:01:50 GMT" time="12.212" errors="0">
  <testcase name="handleDisbled" time="12.212" classname="demo.Disabled"/>
</testsuite> <!-- demo.Disabled -->
