<?xml version="1.0" encoding="UTF-8"?>
<!-- Generated by org.testng.reporters.JUnitReportReporter -->
<testsuite skipped="1" hostname="TYSS-4F-055" name="scripts.Test1" tests="2" failures="0" timestamp="16 Jan 2018 11:06:50 GMT" time="111.522" errors="0">
  <testcase name="test1" time="111.522" classname="scripts.Test1"/>
  <testcase name="maximumDiscount" classname="scripts.Test1">
    <skipped/>
  </testcase> <!-- maximumDiscount -->
</testsuite> <!-- scripts.Test1 -->
