<?xml version="1.0" encoding="UTF-8"?>
<!-- Generated by org.testng.reporters.JUnitReportReporter -->
<testsuite skipped="0" hostname="TYSS-4F-055" name="demo.ScrollPage" tests="1" failures="0" timestamp="16 Jan 2018 08:42:33 GMT" time="8.871" errors="0">
  <testcase name="scrollPage" time="8.871" classname="demo.ScrollPage"/>
</testsuite> <!-- demo.ScrollPage -->
